EventAnalysis/python/hievtanalyzer_data_cfi.py:   CentralityBinSrc = cms.InputTag("centralityBin","HFtowers"),
Binary file EventAnalysis/python/hievtanalyzer_data_cfi.pyc matches
EventAnalysis/src/HiMixValidation.cc:   int NcentralityBins = 100;
EventAnalysis/src/HiMixValidation.cc:      hCentralityBin = f->make<TH1D>("hCentralityBin",";Bin;Events",NcentralityBins,0,NcentralityBins);
EventAnalysis/test/hiEvtAnalyzer_data_cfg.py:process.p = cms.Path(process.collisionEventSelectionAOD * process.centralityBin * process.hiEvtAnalyzer)
EventAnalysis/test/hiEvtAnalyzer_mc_cfg.py:process.p = cms.Path(process.centralityBin * process.hiEvtAnalyzer)
Binary file JetAnalysis/test/PbPb_DATA_AOD.root matches
Binary file JetAnalysis/test/PbPb_MC_AODSIM.root matches
Binary file JetAnalysis/test/PbPb_MC_RECODEBUG.root matches
JetAnalysis/test/runForestAOD_PbPb_DATA_75X.py:process.centralityBin.Centrality = cms.InputTag("hiCentrality")
JetAnalysis/test/runForestAOD_PbPb_DATA_75X.py:process.centralityBin.centralityVariable = cms.string("HFtowers")
JetAnalysis/test/runForestAOD_PbPb_DATA_75X.py:                            process.centralityBin *
JetAnalysis/test/runForestAOD_PbPb_MB_75X.py:# process.centralityBin.Centrality = cms.InputTag("hiCentrality")
JetAnalysis/test/runForestAOD_PbPb_MB_75X.py:# process.centralityBin.centralityVariable = cms.string("HFtowers")
JetAnalysis/test/runForestAOD_PbPb_MB_75X.py:#process.centralityBin.nonDefaultGlauberModel = cms.string("HydjetDrum5")
JetAnalysis/test/runForestAOD_PbPb_MB_75X.py:                            process.centralityBin *
JetAnalysis/test/runForestAOD_PbPb_MIX_75X.py:# process.centralityBin.Centrality = cms.InputTag("hiCentrality")
JetAnalysis/test/runForestAOD_PbPb_MIX_75X.py:# process.centralityBin.centralityVariable = cms.string("HFtowers")
JetAnalysis/test/runForestAOD_PbPb_MIX_75X.py:#process.centralityBin.nonDefaultGlauberModel = cms.string("HydjetDrum5")
JetAnalysis/test/runForestAOD_PbPb_MIX_75X.py:                            process.centralityBin *
JetAnalysis/test/runForestAOD_pp_MC_75X.py:#                                , CentralityBinSrc = cms.InputTag("centralityBin","HFtowers")
hiEvtAnalyzer.log:EventAnalysis/test/hiEvtAnalyzer_data_cfg.py:process.p = cms.Path(process.collisionEventSelectionAOD * process.centralityBin * process.hiEvtAnalyzer)
hiEvtAnalyzer.log:EventAnalysis/test/hiEvtAnalyzer_mc_cfg.py:process.p = cms.Path(process.centralityBin * process.hiEvtAnalyzer)
Binary file .nfs0000000000159bdd00000067 matches
grep: input file 'centralityBin.log' is also the output
