CentralityAnalysis/macros/testCentralityFWLite.C:    double hftp = cent->EtHFtowerSumPlus();
CentralityAnalysis/macros/testCentralityFWLite.C:    double hftm = cent->EtHFtowerSumMinus();
CentralityAnalysis/tools/makeCentralityTable.C:    double hftp = cent->EtHFtowerSumPlus();
CentralityAnalysis/tools/makeCentralityTable.C:    double hftm = cent->EtHFtowerSumMinus();
CentralityAnalysis/tools/makeCentralityTable.C:     double hftp = cent->EtHFtowerSumPlus();
CentralityAnalysis/tools/makeCentralityTable.C:     double hftm = cent->EtHFtowerSumMinus();
CentralityAnalysis/tools/makeDataCentralityTable.C:    double hftp = cent->EtHFtowerSumPlus();
CentralityAnalysis/tools/makeDataCentralityTable.C:    double hftm = cent->EtHFtowerSumMinus();
CentralityAnalysis/tools/makeMCCentralityTable.C:    double hftp = cent->EtHFtowerSumPlus();
CentralityAnalysis/tools/makeMCCentralityTable.C:    double hftm = cent->EtHFtowerSumMinus();
CentralityAnalysis/tools/makeMCCentralityTable.C:     double hftp = cent->EtHFtowerSumPlus();
CentralityAnalysis/tools/makeMCCentralityTable.C:     double hftm = cent->EtHFtowerSumMinus();
CentralityAnalysis/tools/makeMCtableFromPAT.C:    double hf = cent->EtHFtowerSum();
CentralityAnalysis/tools/makeMCtableFromPAT.C:     double hf = cent->EtHFtowerSum();
EventAnalysis/src/HiEvtAnalyzer.cc:    hiHF = centrality->EtHFtowerSum();
EventAnalysis/src/HiEvtAnalyzer.cc:    hiHFplus = centrality->EtHFtowerSumPlus();
EventAnalysis/src/HiEvtAnalyzer.cc:    hiHFminus = centrality->EtHFtowerSumMinus();
grep: input file ‘EtHFtowerSum.log’ is also the output
centrality.log:EventAnalysis/src/HiEvtAnalyzer.cc:    hiHF = centrality->EtHFtowerSum();
centrality.log:EventAnalysis/src/HiEvtAnalyzer.cc:    hiHFplus = centrality->EtHFtowerSumPlus();
centrality.log:EventAnalysis/src/HiEvtAnalyzer.cc:    hiHFminus = centrality->EtHFtowerSumMinus();
centrality.log:hiHF.log:EventAnalysis/src/HiEvtAnalyzer.cc:    hiHF = centrality->EtHFtowerSum();
centrality.log:hiHF.log:EventAnalysis/src/HiEvtAnalyzer.cc:    hiHFplus = centrality->EtHFtowerSumPlus();
centrality.log:hiHF.log:EventAnalysis/src/HiEvtAnalyzer.cc:    hiHFminus = centrality->EtHFtowerSumMinus();
centrality.log:EtHFtowerSum.log:EventAnalysis/src/HiEvtAnalyzer.cc:    hiHF = centrality->EtHFtowerSum();
centrality.log:EtHFtowerSum.log:EventAnalysis/src/HiEvtAnalyzer.cc:    hiHFplus = centrality->EtHFtowerSumPlus();
centrality.log:EtHFtowerSum.log:EventAnalysis/src/HiEvtAnalyzer.cc:    hiHFminus = centrality->EtHFtowerSumMinus();
centrality.log:EtHFtowerSum.log:hiHF.log:EventAnalysis/src/HiEvtAnalyzer.cc:    hiHF = centrality->EtHFtowerSum();
centrality.log:EtHFtowerSum.log:hiHF.log:EventAnalysis/src/HiEvtAnalyzer.cc:    hiHFplus = centrality->EtHFtowerSumPlus();
centrality.log:EtHFtowerSum.log:hiHF.log:EventAnalysis/src/HiEvtAnalyzer.cc:    hiHFminus = centrality->EtHFtowerSumMinus();
hiHF.log:EventAnalysis/src/HiEvtAnalyzer.cc:    hiHF = centrality->EtHFtowerSum();
hiHF.log:EventAnalysis/src/HiEvtAnalyzer.cc:    hiHFplus = centrality->EtHFtowerSumPlus();
hiHF.log:EventAnalysis/src/HiEvtAnalyzer.cc:    hiHFminus = centrality->EtHFtowerSumMinus();
